

Started GET "/assets/rails.png" for 127.0.0.1 at 2012-08-25 12:50:10 -0700
Served asset /rails.png - 200 OK (7ms)


Started GET "/positions" for 127.0.0.1 at 2012-08-25 13:12:46 -0700
Processing by PositionsController#index as HTML
  MOPED: 174.129.78.27:10096 COMMAND      database=admin command={:ismaster=>1} (165.2832ms)
  Rendered positions/index.html.erb within layouts/application (215.6ms)
Completed 500 Internal Server Error in 272ms

ActionView::Template::Error (undefined method `[]' for nil:NilClass):
    11:     <th></th>
    12:   </tr>
    13: 
    14: <% @positions.each do |position| %>
    15:   <tr>
    16:     <td><%= position.ticker %></td>
    17:     <td><%= position.tradeAction %></td>
  app/views/positions/index.html.erb:14:in `_app_views_positions_index_html_erb___3481738087823982272_70143580478760'
  app/controllers/positions_controller.rb:7:in `index'


  Rendered /Users/mpk/.rvm/gems/ruby-1.9.2-p290/gems/actionpack-3.2.3/lib/action_dispatch/middleware/templates/rescues/_trace.erb (3.4ms)
  Rendered /Users/mpk/.rvm/gems/ruby-1.9.2-p290/gems/actionpack-3.2.3/lib/action_dispatch/middleware/templates/rescues/_request_and_response.erb (1.1ms)
  Rendered /Users/mpk/.rvm/gems/ruby-1.9.2-p290/gems/actionpack-3.2.3/lib/action_dispatch/middleware/templates/rescues/template_error.erb within rescues/layout (12.6ms)


Started GET "/positions" for 127.0.0.1 at 2012-08-25 13:15:18 -0700
Processing by PositionsController#index as HTML
  MOPED: 174.129.78.27:10096 COMMAND      database=admin command={:ismaster=>1} (168.7679ms)
  Rendered positions/index.html.erb within layouts/application (170.6ms)
Completed 500 Internal Server Error in 174ms

ActionView::Template::Error (undefined method `[]' for nil:NilClass):
    11:     <th></th>
    12:   </tr>
    13: 
    14: <% @positions.each do |position| %>
    15:   <tr>
    16:     <td><%= position.ticker %></td>
    17:     <td><%= position.tradeAction %></td>
  app/views/positions/index.html.erb:14:in `_app_views_positions_index_html_erb___3481738087823982272_70143580478760'
  app/controllers/positions_controller.rb:7:in `index'


  Rendered /Users/mpk/.rvm/gems/ruby-1.9.2-p290/gems/actionpack-3.2.3/lib/action_dispatch/middleware/templates/rescues/_trace.erb (3.3ms)
  Rendered /Users/mpk/.rvm/gems/ruby-1.9.2-p290/gems/actionpack-3.2.3/lib/action_dispatch/middleware/templates/rescues/_request_and_response.erb (1.4ms)
  Rendered /Users/mpk/.rvm/gems/ruby-1.9.2-p290/gems/actionpack-3.2.3/lib/action_dispatch/middleware/templates/rescues/template_error.erb within rescues/layout (12.4ms)


Started GET "/position" for 127.0.0.1 at 2012-08-25 13:15:22 -0700

ActionController::RoutingError (No route matches [GET] "/position"):
  actionpack (3.2.3) lib/action_dispatch/middleware/debug_exceptions.rb:21:in `call'
  actionpack (3.2.3) lib/action_dispatch/middleware/show_exceptions.rb:56:in `call'
  railties (3.2.3) lib/rails/rack/logger.rb:26:in `call_app'
  railties (3.2.3) lib/rails/rack/logger.rb:16:in `call'
  actionpack (3.2.3) lib/action_dispatch/middleware/request_id.rb:22:in `call'
  rack (1.4.1) lib/rack/methodoverride.rb:21:in `call'
  rack (1.4.1) lib/rack/runtime.rb:17:in `call'
  activesupport (3.2.3) lib/active_support/cache/strategy/local_cache.rb:72:in `call'
  rack (1.4.1) lib/rack/lock.rb:15:in `call'
  actionpack (3.2.3) lib/action_dispatch/middleware/static.rb:62:in `call'
  railties (3.2.3) lib/rails/engine.rb:479:in `call'
  railties (3.2.3) lib/rails/application.rb:220:in `call'
  rack (1.4.1) lib/rack/content_length.rb:14:in `call'
  railties (3.2.3) lib/rails/rack/log_tailer.rb:14:in `call'
  rack (1.4.1) lib/rack/handler/webrick.rb:59:in `service'
  /Users/mpk/.rvm/rubies/ruby-1.9.2-p290/lib/ruby/1.9.1/webrick/httpserver.rb:111:in `service'
  /Users/mpk/.rvm/rubies/ruby-1.9.2-p290/lib/ruby/1.9.1/webrick/httpserver.rb:70:in `run'
  /Users/mpk/.rvm/rubies/ruby-1.9.2-p290/lib/ruby/1.9.1/webrick/server.rb:183:in `block in start_thread'


  Rendered /Users/mpk/.rvm/gems/ruby-1.9.2-p290/gems/actionpack-3.2.3/lib/action_dispatch/middleware/templates/rescues/routing_error.erb within rescues/layout (0.6ms)


Started GET "/positions" for 127.0.0.1 at 2012-08-25 13:15:26 -0700
Processing by PositionsController#index as HTML
  MOPED: 174.129.78.27:10096 COMMAND      database=admin command={:ismaster=>1} (184.7258ms)
  Rendered positions/index.html.erb within layouts/application (185.9ms)
Completed 500 Internal Server Error in 188ms

ActionView::Template::Error (undefined method `[]' for nil:NilClass):
    11:     <th></th>
    12:   </tr>
    13: 
    14: <% @positions.each do |position| %>
    15:   <tr>
    16:     <td><%= position.ticker %></td>
    17:     <td><%= position.tradeAction %></td>
  app/views/positions/index.html.erb:14:in `_app_views_positions_index_html_erb___3481738087823982272_70143580478760'
  app/controllers/positions_controller.rb:7:in `index'


  Rendered /Users/mpk/.rvm/gems/ruby-1.9.2-p290/gems/actionpack-3.2.3/lib/action_dispatch/middleware/templates/rescues/_trace.erb (3.8ms)
  Rendered /Users/mpk/.rvm/gems/ruby-1.9.2-p290/gems/actionpack-3.2.3/lib/action_dispatch/middleware/templates/rescues/_request_and_response.erb (1.0ms)
  Rendered /Users/mpk/.rvm/gems/ruby-1.9.2-p290/gems/actionpack-3.2.3/lib/action_dispatch/middleware/templates/rescues/template_error.erb within rescues/layout (10.8ms)
  MOPED: 174.129.78.27:10096 COMMAND      database=admin command={:ismaster=>1} (173.4662ms)
  MOPED: 174.129.78.27:10096 COMMAND      database=admin command={:ismaster=>1} (167.1581ms)


Started GET "/positions" for 127.0.0.1 at 2012-08-25 14:39:20 -0700
Processing by PositionsController#index as HTML
  Rendered positions/index.html.erb within layouts/application (229.0ms)
Completed 500 Internal Server Error in 263ms

ActionView::Template::Error (undefined method `[]' for nil:NilClass):
    11:     <th></th>
    12:   </tr>
    13: 
    14: <% @positions.each do |position| %>
    15:   <tr>
    16:     <td><%= position.ticker %></td>
    17:     <td><%= position.tradeAction %></td>
  app/views/positions/index.html.erb:14:in `_app_views_positions_index_html_erb___547737578730461502_70153482656740'
  app/controllers/positions_controller.rb:7:in `index'


  Rendered /Users/mpk/.rvm/gems/ruby-1.9.2-p290/gems/actionpack-3.2.3/lib/action_dispatch/middleware/templates/rescues/_trace.erb (4.5ms)
  Rendered /Users/mpk/.rvm/gems/ruby-1.9.2-p290/gems/actionpack-3.2.3/lib/action_dispatch/middleware/templates/rescues/_request_and_response.erb (1.0ms)
  Rendered /Users/mpk/.rvm/gems/ruby-1.9.2-p290/gems/actionpack-3.2.3/lib/action_dispatch/middleware/templates/rescues/template_error.erb within rescues/layout (14.7ms)


Started GET "/positions" for 127.0.0.1 at 2012-08-25 14:58:18 -0700
Processing by PositionsController#index as HTML
  Rendered positions/index.html.erb within layouts/application (422.7ms)
Compiled positions.css  (8ms)  (pid 3870)
Compiled scaffolds.css  (14ms)  (pid 3870)
Compiled application.css  (61ms)  (pid 3870)
Compiled jquery.js  (5ms)  (pid 3870)
Compiled jquery_ujs.js  (0ms)  (pid 3870)
Compiled positions.js  (108ms)  (pid 3870)
Compiled application.js  (168ms)  (pid 3870)
Completed 200 OK in 748ms (Views: 747.3ms)


Started GET "/assets/application.css?body=1" for 127.0.0.1 at 2012-08-25 14:58:19 -0700
Served asset /application.css - 200 OK (7ms)


Started GET "/assets/positions.js?body=1" for 127.0.0.1 at 2012-08-25 14:58:19 -0700
Served asset /positions.js - 200 OK (7ms)


Started GET "/assets/jquery_ujs.js?body=1" for 127.0.0.1 at 2012-08-25 14:58:19 -0700
Served asset /jquery_ujs.js - 200 OK (1ms)


Started GET "/assets/positions.css?body=1" for 127.0.0.1 at 2012-08-25 14:58:19 -0700
Served asset /positions.css - 200 OK (1ms)


Started GET "/assets/scaffolds.css?body=1" for 127.0.0.1 at 2012-08-25 14:58:19 -0700
Served asset /scaffolds.css - 200 OK (2ms)


Started GET "/assets/jquery.js?body=1" for 127.0.0.1 at 2012-08-25 14:58:19 -0700
Served asset /jquery.js - 200 OK (2ms)


Started GET "/assets/application.js?body=1" for 127.0.0.1 at 2012-08-25 14:58:19 -0700
Served asset /application.js - 200 OK (8ms)


Started GET "/positions" for 127.0.0.1 at 2012-08-25 15:01:55 -0700
Processing by PositionsController#index as HTML
  Rendered positions/index.html.erb within layouts/application (417.9ms)
Compiled bootstrap_and_overrides.css  (723ms)  (pid 4197)
Compiled application.css  (734ms)  (pid 4197)
Compiled twitter/bootstrap/bootstrap-transition.js  (0ms)  (pid 4197)
Compiled twitter/bootstrap/bootstrap-alert.js  (0ms)  (pid 4197)
Compiled twitter/bootstrap/bootstrap-modal.js  (0ms)  (pid 4197)
Compiled twitter/bootstrap/bootstrap-dropdown.js  (0ms)  (pid 4197)
Compiled twitter/bootstrap/bootstrap-scrollspy.js  (0ms)  (pid 4197)
Compiled twitter/bootstrap/bootstrap-tab.js  (0ms)  (pid 4197)
Compiled twitter/bootstrap/bootstrap-tooltip.js  (0ms)  (pid 4197)
Compiled twitter/bootstrap/bootstrap-popover.js  (0ms)  (pid 4197)
Compiled twitter/bootstrap/bootstrap-button.js  (0ms)  (pid 4197)
Compiled twitter/bootstrap/bootstrap-collapse.js  (0ms)  (pid 4197)
Compiled twitter/bootstrap/bootstrap-carousel.js  (0ms)  (pid 4197)
Compiled twitter/bootstrap/bootstrap-typeahead.js  (0ms)  (pid 4197)
Compiled twitter/bootstrap.js  (203ms)  (pid 4197)
Compiled bootstrap.js  (57ms)  (pid 4197)
Compiled application.js  (321ms)  (pid 4197)
Completed 200 OK in 1525ms (Views: 1524.8ms)


Started GET "/assets/application.css?body=1" for 127.0.0.1 at 2012-08-25 15:01:57 -0700
Served asset /application.css - 304 Not Modified (11ms)


Started GET "/assets/bootstrap_and_overrides.css?body=1" for 127.0.0.1 at 2012-08-25 15:01:57 -0700
Served asset /bootstrap_and_overrides.css - 200 OK (10ms)


Started GET "/assets/positions.css?body=1" for 127.0.0.1 at 2012-08-25 15:01:57 -0700
Served asset /positions.css - 304 Not Modified (1ms)


Started GET "/assets/jquery.js?body=1" for 127.0.0.1 at 2012-08-25 15:01:57 -0700
Served asset /jquery.js - 304 Not Modified (4ms)


Started GET "/assets/jquery_ujs.js?body=1" for 127.0.0.1 at 2012-08-25 15:01:57 -0700
Served asset /jquery_ujs.js - 304 Not Modified (4ms)


Started GET "/assets/twitter/bootstrap/bootstrap-transition.js?body=1" for 127.0.0.1 at 2012-08-25 15:01:57 -0700
Served asset /twitter/bootstrap/bootstrap-transition.js - 200 OK (4ms)


Started GET "/assets/scaffolds.css?body=1" for 127.0.0.1 at 2012-08-25 15:01:57 -0700
Served asset /scaffolds.css - 304 Not Modified (1ms)


Started GET "/assets/twitter/bootstrap/bootstrap-alert.js?body=1" for 127.0.0.1 at 2012-08-25 15:01:57 -0700
Served asset /twitter/bootstrap/bootstrap-alert.js - 200 OK (4ms)


Started GET "/assets/twitter/bootstrap/bootstrap-modal.js?body=1" for 127.0.0.1 at 2012-08-25 15:01:57 -0700
Served asset /twitter/bootstrap/bootstrap-modal.js - 200 OK (5ms)


Started GET "/assets/twitter/bootstrap/bootstrap-dropdown.js?body=1" for 127.0.0.1 at 2012-08-25 15:01:57 -0700
Served asset /twitter/bootstrap/bootstrap-dropdown.js - 200 OK (8ms)


Started GET "/assets/twitter/bootstrap/bootstrap-popover.js?body=1" for 127.0.0.1 at 2012-08-25 15:01:57 -0700
Served asset /twitter/bootstrap/bootstrap-popover.js - 200 OK (4ms)


Started GET "/assets/twitter/bootstrap/bootstrap-tab.js?body=1" for 127.0.0.1 at 2012-08-25 15:01:57 -0700
Served asset /twitter/bootstrap/bootstrap-tab.js - 200 OK (4ms)


Started GET "/assets/twitter/bootstrap/bootstrap-scrollspy.js?body=1" for 127.0.0.1 at 2012-08-25 15:01:57 -0700
Served asset /twitter/bootstrap/bootstrap-scrollspy.js - 200 OK (5ms)


Started GET "/assets/twitter/bootstrap/bootstrap-button.js?body=1" for 127.0.0.1 at 2012-08-25 15:01:57 -0700
Served asset /twitter/bootstrap/bootstrap-button.js - 200 OK (6ms)


Started GET "/assets/twitter/bootstrap/bootstrap-tooltip.js?body=1" for 127.0.0.1 at 2012-08-25 15:01:57 -0700
Served asset /twitter/bootstrap/bootstrap-tooltip.js - 200 OK (6ms)


Started GET "/assets/twitter/bootstrap/bootstrap-collapse.js?body=1" for 127.0.0.1 at 2012-08-25 15:01:57 -0700
Served asset /twitter/bootstrap/bootstrap-collapse.js - 200 OK (5ms)


Started GET "/assets/twitter/bootstrap/bootstrap-typeahead.js?body=1" for 127.0.0.1 at 2012-08-25 15:01:57 -0700
Served asset /twitter/bootstrap/bootstrap-typeahead.js - 200 OK (6ms)


Started GET "/assets/twitter/bootstrap/bootstrap-carousel.js?body=1" for 127.0.0.1 at 2012-08-25 15:01:57 -0700
Served asset /twitter/bootstrap/bootstrap-carousel.js - 200 OK (5ms)


Started GET "/assets/twitter/bootstrap.js?body=1" for 127.0.0.1 at 2012-08-25 15:01:57 -0700
Served asset /twitter/bootstrap.js - 200 OK (14ms)


Started GET "/assets/bootstrap.js?body=1" for 127.0.0.1 at 2012-08-25 15:01:57 -0700
Served asset /bootstrap.js - 200 OK (2ms)


Started GET "/assets/positions.js?body=1" for 127.0.0.1 at 2012-08-25 15:01:57 -0700
Served asset /positions.js - 304 Not Modified (1ms)


Started GET "/assets/application.js?body=1" for 127.0.0.1 at 2012-08-25 15:01:57 -0700
Served asset /application.js - 200 OK (58ms)


Started GET "/positions/new" for 127.0.0.1 at 2012-08-25 15:17:28 -0700
Processing by PositionsController#new as HTML
  Rendered positions/_form.html.erb (13.6ms)
  Rendered positions/new.html.erb within layouts/application (19.5ms)
Completed 200 OK in 30ms (Views: 29.2ms)


Started GET "/assets/application.css?body=1" for 127.0.0.1 at 2012-08-25 15:17:28 -0700
Served asset /application.css - 304 Not Modified (0ms)


Started GET "/assets/bootstrap_and_overrides.css?body=1" for 127.0.0.1 at 2012-08-25 15:17:28 -0700
Served asset /bootstrap_and_overrides.css - 304 Not Modified (0ms)


Started GET "/assets/scaffolds.css?body=1" for 127.0.0.1 at 2012-08-25 15:17:28 -0700
Served asset /scaffolds.css - 304 Not Modified (0ms)


Started GET "/assets/jquery.js?body=1" for 127.0.0.1 at 2012-08-25 15:17:28 -0700
Served asset /jquery.js - 304 Not Modified (0ms)


Started GET "/assets/positions.css?body=1" for 127.0.0.1 at 2012-08-25 15:17:28 -0700
Served asset /positions.css - 304 Not Modified (0ms)


Started GET "/assets/jquery_ujs.js?body=1" for 127.0.0.1 at 2012-08-25 15:17:28 -0700
Served asset /jquery_ujs.js - 304 Not Modified (0ms)


Started GET "/assets/twitter/bootstrap/bootstrap-transition.js?body=1" for 127.0.0.1 at 2012-08-25 15:17:28 -0700
Served asset /twitter/bootstrap/bootstrap-transition.js - 304 Not Modified (0ms)


Started GET "/assets/twitter/bootstrap/bootstrap-alert.js?body=1" for 127.0.0.1 at 2012-08-25 15:17:28 -0700
Served asset /twitter/bootstrap/bootstrap-alert.js - 304 Not Modified (0ms)


Started GET "/assets/twitter/bootstrap/bootstrap-modal.js?body=1" for 127.0.0.1 at 2012-08-25 15:17:28 -0700
Served asset /twitter/bootstrap/bootstrap-modal.js - 304 Not Modified (0ms)


Started GET "/assets/twitter/bootstrap/bootstrap-dropdown.js?body=1" for 127.0.0.1 at 2012-08-25 15:17:28 -0700
Served asset /twitter/bootstrap/bootstrap-dropdown.js - 304 Not Modified (0ms)


Started GET "/assets/twitter/bootstrap/bootstrap-scrollspy.js?body=1" for 127.0.0.1 at 2012-08-25 15:17:28 -0700
Served asset /twitter/bootstrap/bootstrap-scrollspy.js - 304 Not Modified (0ms)


Started GET "/assets/twitter/bootstrap/bootstrap-tooltip.js?body=1" for 127.0.0.1 at 2012-08-25 15:17:28 -0700
Served asset /twitter/bootstrap/bootstrap-tooltip.js - 304 Not Modified (0ms)


Started GET "/assets/twitter/bootstrap/bootstrap-tab.js?body=1" for 127.0.0.1 at 2012-08-25 15:17:28 -0700
Served asset /twitter/bootstrap/bootstrap-tab.js - 304 Not Modified (0ms)


Started GET "/assets/twitter/bootstrap/bootstrap-button.js?body=1" for 127.0.0.1 at 2012-08-25 15:17:28 -0700
Served asset /twitter/bootstrap/bootstrap-button.js - 304 Not Modified (0ms)


Started GET "/assets/twitter/bootstrap/bootstrap-popover.js?body=1" for 127.0.0.1 at 2012-08-25 15:17:28 -0700
Served asset /twitter/bootstrap/bootstrap-popover.js - 304 Not Modified (0ms)


Started GET "/assets/twitter/bootstrap/bootstrap-collapse.js?body=1" for 127.0.0.1 at 2012-08-25 15:17:28 -0700
Served asset /twitter/bootstrap/bootstrap-collapse.js - 304 Not Modified (0ms)


Started GET "/assets/twitter/bootstrap/bootstrap-carousel.js?body=1" for 127.0.0.1 at 2012-08-25 15:17:28 -0700
Served asset /twitter/bootstrap/bootstrap-carousel.js - 304 Not Modified (0ms)


Started GET "/assets/twitter/bootstrap.js?body=1" for 127.0.0.1 at 2012-08-25 15:17:28 -0700
Served asset /twitter/bootstrap.js - 304 Not Modified (0ms)


Started GET "/assets/twitter/bootstrap/bootstrap-typeahead.js?body=1" for 127.0.0.1 at 2012-08-25 15:17:28 -0700
Served asset /twitter/bootstrap/bootstrap-typeahead.js - 304 Not Modified (0ms)


Started GET "/assets/bootstrap.js?body=1" for 127.0.0.1 at 2012-08-25 15:17:28 -0700
Served asset /bootstrap.js - 304 Not Modified (0ms)


Started GET "/assets/positions.js?body=1" for 127.0.0.1 at 2012-08-25 15:17:28 -0700
Served asset /positions.js - 304 Not Modified (0ms)


Started GET "/assets/application.js?body=1" for 127.0.0.1 at 2012-08-25 15:17:28 -0700
Served asset /application.js - 304 Not Modified (1ms)


Started POST "/positions" for 127.0.0.1 at 2012-08-25 15:17:51 -0700
Processing by PositionsController#create as HTML
  Parameters: {"utf8"=>"✓", "authenticity_token"=>"dZebSqPUT/5ZmMJnCkSfXcROyMXRSSa8wtBIvweE4dM=", "position"=>{"ticker"=>"GS", "tradeAction"=>"BUY", "tradeTime"=>"", "tradeAmount"=>"99999"}, "commit"=>"Create Position"}
Redirected to http://localhost:3000/positions/50394f103c416b6510000001
Completed 302 Found in 385ms


Started GET "/positions/50394f103c416b6510000001" for 127.0.0.1 at 2012-08-25 15:17:52 -0700
Processing by PositionsController#show as HTML
  Parameters: {"id"=>"50394f103c416b6510000001"}
  Rendered positions/show.html.erb within layouts/application (1.8ms)
Completed 200 OK in 146ms (Views: 48.1ms)


Started GET "/assets/application.css?body=1" for 127.0.0.1 at 2012-08-25 15:17:52 -0700
Served asset /application.css - 304 Not Modified (0ms)


Started GET "/assets/bootstrap_and_overrides.css?body=1" for 127.0.0.1 at 2012-08-25 15:17:52 -0700
Served asset /bootstrap_and_overrides.css - 304 Not Modified (0ms)


Started GET "/assets/positions.css?body=1" for 127.0.0.1 at 2012-08-25 15:17:52 -0700
Served asset /positions.css - 304 Not Modified (0ms)


Started GET "/assets/scaffolds.css?body=1" for 127.0.0.1 at 2012-08-25 15:17:52 -0700
Served asset /scaffolds.css - 304 Not Modified (0ms)


Started GET "/assets/jquery_ujs.js?body=1" for 127.0.0.1 at 2012-08-25 15:17:52 -0700
Served asset /jquery_ujs.js - 304 Not Modified (0ms)


Started GET "/assets/jquery.js?body=1" for 127.0.0.1 at 2012-08-25 15:17:52 -0700
Served asset /jquery.js - 304 Not Modified (0ms)


Started GET "/assets/twitter/bootstrap/bootstrap-transition.js?body=1" for 127.0.0.1 at 2012-08-25 15:17:52 -0700
Served asset /twitter/bootstrap/bootstrap-transition.js - 304 Not Modified (0ms)


Started GET "/assets/twitter/bootstrap/bootstrap-alert.js?body=1" for 127.0.0.1 at 2012-08-25 15:17:52 -0700
Served asset /twitter/bootstrap/bootstrap-alert.js - 304 Not Modified (0ms)


Started GET "/assets/twitter/bootstrap/bootstrap-modal.js?body=1" for 127.0.0.1 at 2012-08-25 15:17:52 -0700
Served asset /twitter/bootstrap/bootstrap-modal.js - 304 Not Modified (0ms)


Started GET "/assets/twitter/bootstrap/bootstrap-dropdown.js?body=1" for 127.0.0.1 at 2012-08-25 15:17:52 -0700
Served asset /twitter/bootstrap/bootstrap-dropdown.js - 304 Not Modified (0ms)


Started GET "/assets/twitter/bootstrap/bootstrap-scrollspy.js?body=1" for 127.0.0.1 at 2012-08-25 15:17:52 -0700
Served asset /twitter/bootstrap/bootstrap-scrollspy.js - 304 Not Modified (0ms)


Started GET "/assets/twitter/bootstrap/bootstrap-tab.js?body=1" for 127.0.0.1 at 2012-08-25 15:17:52 -0700
Served asset /twitter/bootstrap/bootstrap-tab.js - 304 Not Modified (0ms)


Started GET "/assets/twitter/bootstrap/bootstrap-tooltip.js?body=1" for 127.0.0.1 at 2012-08-25 15:17:52 -0700
Served asset /twitter/bootstrap/bootstrap-tooltip.js - 304 Not Modified (0ms)


Started GET "/assets/twitter/bootstrap/bootstrap-popover.js?body=1" for 127.0.0.1 at 2012-08-25 15:17:52 -0700
Served asset /twitter/bootstrap/bootstrap-popover.js - 304 Not Modified (0ms)


Started GET "/assets/twitter/bootstrap/bootstrap-button.js?body=1" for 127.0.0.1 at 2012-08-25 15:17:52 -0700
Served asset /twitter/bootstrap/bootstrap-button.js - 304 Not Modified (0ms)


Started GET "/assets/twitter/bootstrap/bootstrap-collapse.js?body=1" for 127.0.0.1 at 2012-08-25 15:17:52 -0700
Served asset /twitter/bootstrap/bootstrap-collapse.js - 304 Not Modified (0ms)


Started GET "/assets/twitter/bootstrap/bootstrap-carousel.js?body=1" for 127.0.0.1 at 2012-08-25 15:17:52 -0700
Served asset /twitter/bootstrap/bootstrap-carousel.js - 304 Not Modified (0ms)


Started GET "/assets/twitter/bootstrap/bootstrap-typeahead.js?body=1" for 127.0.0.1 at 2012-08-25 15:17:52 -0700
Served asset /twitter/bootstrap/bootstrap-typeahead.js - 304 Not Modified (0ms)


Started GET "/assets/twitter/bootstrap.js?body=1" for 127.0.0.1 at 2012-08-25 15:17:52 -0700
Served asset /twitter/bootstrap.js - 304 Not Modified (1ms)


Started GET "/assets/bootstrap.js?body=1" for 127.0.0.1 at 2012-08-25 15:17:52 -0700
Served asset /bootstrap.js - 304 Not Modified (0ms)


Started GET "/assets/positions.js?body=1" for 127.0.0.1 at 2012-08-25 15:17:52 -0700
Served asset /positions.js - 304 Not Modified (0ms)


Started GET "/assets/application.js?body=1" for 127.0.0.1 at 2012-08-25 15:17:52 -0700
Served asset /application.js - 304 Not Modified (0ms)
